IQ-TREE multicore version 2.4.0 for MacOS Intel 64-bit built Feb  7 2025
Developed by Bui Quang Minh, Nguyen Lam Tung, Olga Chernomor, Heiko Schmidt,
Dominik Schrempf, Michael Woodhams, Ly Trong Nhan, Thomas Wong

Host:    Dylans-MacBook-Pro-2.local (AVX512, FMA3, 16 GB RAM)
Command: /Users/dj17/Downloads/iqtree-2.4.0-macOS-intel/bin/iqtree2 -s /Users/dj17/Downloads/gastropod_phylogeny/COI/COI_trimmed.fasta -m MFP  
Seed:    793961 (Using SPRNG - Scalable Parallel Random Number Generator)
Time:    Fri Apr 17 23:31:14 2026
Kernel:  AVX+FMA - 1 threads (8 CPU cores detected)

HINT: Use -nt option to specify number of threads because your CPU has 8 cores!
HINT: -nt AUTO will automatically determine the best number of threads to use.

Reading alignment file /Users/dj17/Downloads/gastropod_phylogeny/COI/COI_trimmed.fasta ... Fasta format detected
Reading fasta file: done in 0.00260901 secs using 91.95% CPU
Alignment most likely contains DNA/RNA sequences
Alignment has 51 sequences with 1562 columns, 507 distinct patterns
495 parsimony-informative, 14 singleton sites, 1053 constant sites
                    Gap/Ambiguity  Composition  p-value
Analyzing sequences: done in 9.89437e-05 secs using 93.99% CPU
   1  Peristernia_reinca   57.87%    passed     20.20%
   2  Peristernia_gemmat   57.87%    passed      6.36%
   3  Peristernia_nassat   57.87%    failed      3.86%
   4  Peristernia_forska   57.87%    failed      3.90%
   5  Peristernia_marque   59.86%    passed      9.66%
   6  Penion_chathamensi   58.19%    passed     19.23%
   7  Triplofusus_gigant   57.87%    passed     37.19%
   8  Cinctura_hunteria    57.87%    passed     50.39%
   9  Fasciolaria_bullis   58.00%    passed     10.64%
  10  Serratifusus_linea   57.87%    failed      0.00%
  11  Fasciolaria_tulipa   62.16%    passed     22.42%
  12  Aristofusus_excava   57.87%    passed     29.06%
  13  Fusinus_salisburyi   57.87%    passed      7.06%
  14  Fusinus_forceps      57.87%    passed     34.12%
  15  Hemipolygona_armat   57.87%    passed      7.16%
  16  Leucozonia_nassa     57.87%    passed     22.29%
  17  Leucozonia_ocellat   57.87%    passed     14.68%
  18  Belomitra_caudata    60.44%    failed      0.00%
  19  Belomitra_paschali   57.87%    failed      0.00%
  20  Buccinastrum_defor   57.87%    failed      0.00%
  21  Buccinanops_cochli   57.87%    failed      0.00%
  22  Buccinum_tenuissim   82.59%    passed     59.77%
  23  Buccinum_striatiss   68.63%    passed     72.01%
  24  Neptunea_arthritic   72.47%    failed      0.00%
  25  Neptunea_polycosta   57.75%    passed     79.78%
  26  Japeuthria_ferrea    57.75%    passed     56.90%
  27  Busycon_carica       62.16%    passed     90.78%
  28  Fulguropsis_pyrulo   57.87%    passed     40.75%
  29  Chauvetia_candidis   57.87%    failed      0.00%
  30  Colus_islandicus     57.30%    passed     26.29%
  31  Colubraria_reticul   59.15%    passed     20.11%
  32  Mitrella_scripta     58.19%    passed     23.49%
  33  Mitrella_bicincta    57.23%    failed      2.47%
  34  Tonna_sulcosa         4.23%    failed      0.07%
  35  Tonna_galea          70.55%    passed      6.24%
  36  Dolicholatirus_lan   60.05%    passed      5.33%
  37  Dolicholatirus_spi   57.87%    passed     60.72%
  38  Eosipho_smithi       60.44%    failed      0.00%
  39  Manaria_kuroharai    59.54%    passed     59.94%
  40  Melongena_melongen   57.87%    passed      5.71%
  41  Melongena_patula     59.03%    failed      3.03%
  42  Nassarius_conoidal   59.28%    passed     12.16%
  43  Nassarius_semisulc   68.63%    failed      0.00%
  44  Antillophos_beauii   57.87%    failed      0.00%
  45  Pisania_pusio        57.87%    passed     20.07%
  46  Engina_mendicaria    59.03%    passed     23.96%
  47  Clivipollia_pulchr   57.87%    passed     76.71%
  48  Caducifer_decapita   57.87%    passed     44.29%
  49  Euthria_cumulata     57.87%    passed     26.36%
  50  Buccinulum_linea     63.32%    passed     29.75%
  51  Kelletia_lischkei    56.15%    passed     34.86%
WARNING: 50 sequences contain more than 50% gaps/ambiguity
****  TOTAL                58.80%  15 sequences failed composition chi2 test (p-value<5%; df=3)

Reading input tree file   ...ERROR: File not found or incorrect input, pls check it again. 
