IQ-TREE multicore version 2.2.2.7 COVID-edition for Linux 64-bit built May 31 2023
Developed by Bui Quang Minh, James Barbetti, Nguyen Lam Tung,
Olga Chernomor, Heiko Schmidt, Dominik Schrempf, Michael Woodhams, Ly Trong Nhan.

Host:    DESKTOP-RDKORUQ (AVX512, FMA3, 5 GB RAM)
Command: iqtree2 -s 16S_rRNA.phy -B 1000
Seed:    885058 (Using SPRNG - Scalable Parallel Random Number Generator)
Time:    Wed Apr  8 21:04:52 2026
Kernel:  AVX+FMA - 1 threads (8 CPU cores detected)

HINT: Use -nt option to specify number of threads because your CPU has 8 cores!
HINT: -nt AUTO will automatically determine the best number of threads to use.

Reading alignment file 16S_rRNA.phy ... Phylip format detected
Alignment most likely contains DNA/RNA sequences
Constructing alignment: done in 0.00170302 secs using 50.91% CPU
WARNING: 1 sites contain only gaps or ambiguous characters.
Alignment has 62 sequences with 1418 columns, 987 distinct patterns
787 parsimony-informative, 171 singleton sites, 460 constant sites
                              Gap/Ambiguity  Composition  p-value
Analyzing sequences: done in 9.82285e-05 secs
   1  Littorina_brevicula            15.66%    failed      0.23%
   2  Cancellaria_cancellata         16.43%    passed     29.35%
   3  Cancellaria_cooperi            16.85%    passed     58.52%
   4  Cancellaria_sinensis           16.36%    failed      1.56%
   5  Microvoluta_sp.                16.57%    passed     68.42%
   6  Vexillum_plicarium             16.64%    passed     70.77%
   7  Biplex_perca                   15.44%    passed     75.02%
   8  Ficus_subintermedia            16.57%    failed      2.25%
   9  Fusitriton_oregonensis         15.94%    passed     66.30%
  10  Mitrella_bicincta              16.22%    passed      7.03%
  11  Metula_amosi                   16.85%    failed      3.57%
  12  Colubraria_nitidula            15.37%    passed     37.12%
  13  Colubraria_obscura             16.43%    passed     10.02%
  14  Cantharus_multangulus          15.66%    passed     41.49%
  15  Pisania_pusio                  15.59%    passed     94.17%
  16  Pollia_tincta                  15.80%    passed     31.81%
  17  Engina_mendicaria              15.51%    passed     39.75%
  18  Pisania_striata                15.30%    passed     26.96%
  19  Mitra_lens                     15.16%    passed     40.47%
  20  Thalessa_savignyi              16.71%    passed     35.67%
  21  Thais_clavigera                16.36%    passed     32.04%
  22  Thais_haemastoma               17.21%    passed      5.80%
  23  Melongena_patula               15.23%    passed     11.94%
  24  Hemifusus_tuba                 14.53%    passed     77.68%
  25  Volema_myristica               15.16%    passed     17.54%
  26  Plesiotriton_sp.               15.94%    passed     98.83%
  27  Muricanthus_radix              15.87%    passed     37.51%
  28  Siratus_beauii                 15.94%    passed     31.62%
  29  Conus_praecellens              14.60%    passed     65.78%
  30  Oliva_mustelina                15.02%    passed     85.93%
  31  Oliva_spicata                  15.44%    passed     99.19%
  32  Olivella_volutella             17.28%    passed     66.84%
  33  Tonna_luteostoma               15.30%    passed     21.73%
  34  Aforia_magnifica               19.75%    failed      0.47%
  35  Babylonia_japonica             16.08%    passed     77.11%
  36  Babylonia_lutosa               16.29%    passed     64.26%
  37  Comitas_kaderlyi               15.73%    passed     88.37%
  38  Cronia_sp.                     16.15%    passed     91.39%
  39  Drupella_cornus                16.29%    passed     82.85%
  40  Siphonalia_cassidariaeformis   17.07%    failed      0.36%
  41  Nassarius_festivus             16.71%    passed     98.41%
  42  Nassarius_semisulcatus         16.15%    passed     51.46%
  43  Zeuxis_siquijorensis           16.08%    passed     88.48%
  44  Latiromitra_sp.                16.64%    passed     64.11%
  45  Fusinus_akitai                 15.59%    passed     32.78%
  46  Polystira_picta                15.37%    passed     84.53%
  47  Nucella_lapillus               16.22%    passed     42.24%
  48  Neobuccinum_eatoni             16.43%    passed     36.94%
  49  Japeuthria_ferrea              16.85%    passed     58.23%
  50  Antillophos_laevis             15.23%    passed     76.65%
  51  Granulifusus_niponicus         16.08%    passed     32.00%
  52  Neptunea_lamellosa             16.71%    passed     77.50%
  53  Neptunea_purpurea              16.78%    passed     71.56%
  54  Buccinum_aniwanum              16.43%    passed     95.78%
  55  Buccinum_morchianum            16.43%    passed     70.10%
  56  Paraeuthria_plumbea            16.57%    passed     90.71%
  57  Cominella_adspersa             16.43%    passed     97.32%
  58  Burnupena_cincta               16.22%    passed     82.57%
  59  Kelletia_kelletii              16.22%    passed     94.60%
  60  Kelletia_lischkei              16.22%    passed     89.90%
  61  Penion_chathamensis            16.22%    passed     96.83%
  62  Peristernia_sulcata            16.22%    passed     99.07%
****  TOTAL                          16.13%  6 sequences failed composition chi2 test (p-value<5%; df=3)
Checking for duplicate sequences: done in 0.000216007 secs using 49.54% CPU


Create initial parsimony tree by phylogenetic likelihood library (PLL)... 0.009 seconds
Perform fast likelihood tree search using GTR+I+G model...
Estimate model parameters (epsilon = 5.000)
Perform nearest neighbor interchange...
Optimizing NNI: done in 0.159388 secs using 99.96% CPU
Estimate model parameters (epsilon = 1.000)
1. Initial log-likelihood: -31427.375
2. Current log-likelihood: -31425.213
Optimal log-likelihood: -31424.503
Rate parameters:  A-C: 1.57513  A-G: 7.31645  A-T: 1.91849  C-G: 1.39289  C-T: 11.72908  G-T: 1.00000
Base frequencies:  A: 0.375  C: 0.119  G: 0.160  T: 0.346
Proportion of invariable sites: 0.219
Gamma shape alpha: 0.606
Parameters optimization took 2 rounds (0.162 sec)
Time for fast ML tree search: 0.937 seconds

NOTE: ModelFinder requires 23 MB RAM!
ModelFinder will test up to 484 DNA models (sample size: 1418) ...
 No. Model         -LnL         df  AIC          AICc         BIC
  1  GTR+F         36269.815    129 72797.629    72823.670    73475.783
  2  GTR+F+I       33661.960    130 67583.920    67610.385    68267.330
  3  GTR+F+G4      31495.422    130 63250.843    63277.308    63934.253
  4  GTR+F+I+G4    31423.928    131 63109.856    63136.749    63798.524
  5  GTR+F+R2      32180.790    131 64623.581    64650.474    65312.248
  6  GTR+F+R3      31559.134    133 63384.268    63412.028    64083.449
  7  GTR+F+R4      31437.316    135 63144.632    63173.275    63854.327
  8  GTR+F+R5      31412.034    137 63098.068    63127.608    63818.277
  9  GTR+F+R6      31407.582    139 63093.164    63123.618    63823.888
 14  GTR+F+I+R2    31846.704    132 63957.408    63984.732    64651.332
 15  GTR+F+I+R3    31480.477    134 63228.955    63257.154    63933.393
 16  GTR+F+I+R4    31419.316    136 63110.631    63139.721    63825.584
 17  GTR+F+I+R5    31406.063    138 63088.127    63118.122    63813.593
 18  GTR+F+I+R6    31403.976    140 63087.953    63118.869    63823.933
 26  SYM+I+G4      32118.957    128 64493.915    64519.535    65166.811
 48  TVM+F+I+G4    31454.259    130 63168.517    63194.982    63851.928
 70  TVMe+I+G4     32119.031    127 64492.062    64517.265    65159.701
 92  TIM3+F+I+G4   31448.172    129 63154.344    63180.385    63832.498
114  TIM3e+I+G4    32553.727    126 65359.455    65384.245    66021.837
136  TIM2+F+I+G4   31426.078    129 63110.156    63136.196    63788.309
158  TIM2e+I+G4    32595.629    126 65443.258    65468.048    66105.640
180  TIM+F+I+G4    31432.564    129 63123.127    63149.168    63801.280
202  TIMe+I+G4     32336.363    126 64924.726    64949.516    65587.109
224  TPM3u+F+I+G4  31475.524    128 63207.048    63232.668    63879.944
246  TPM3+I+G4     32556.302    125 65362.604    65386.985    66019.729
268  TPM2u+F+I+G4  31457.751    128 63171.503    63197.122    63844.399
290  TPM2+I+G4     32603.775    125 65457.550    65481.931    66114.676
312  K3Pu+F+I+G4   31461.160    128 63178.319    63203.939    63851.216
334  K3P+I+G4      32337.018    125 64924.036    64948.417    65581.161
356  TN+F+I+G4     31448.326    128 63152.652    63178.272    63825.549
378  TNe+I+G4      32926.536    125 66103.073    66127.453    66760.198
400  HKY+F+I+G4    31476.649    127 63207.298    63232.501    63874.938
422  K2P+I+G4      32927.226    124 66102.452    66126.427    66754.321
444  F81+F+I+G4    32947.889    126 66147.777    66172.567    66810.160
466  JC+I+G4       33424.527    123 67095.053    67118.627    67741.664
Akaike Information Criterion:           GTR+F+I+R6
Corrected Akaike Information Criterion: GTR+F+I+R5
Bayesian Information Criterion:         TIM2+F+I+G4
Best-fit model: TIM2+F+I+G4 chosen according to BIC

All model information printed to 16S_rRNA.phy.model.gz
CPU time for ModelFinder: 26.735 seconds (0h:0m:26s)
Wall-clock time for ModelFinder: 26.821 seconds (0h:0m:26s)
Generating 1000 samples for ultrafast bootstrap (seed: 885058)...

NOTE: 11 MB RAM (0 GB) is required!
Estimate model parameters (epsilon = 0.100)
Thoroughly optimizing +I+G parameters from 10 start values...
Init pinv, alpha: 0.000, 0.619 / Estimate: 0.000, 0.374 / LogL: -31498.241
Init pinv, alpha: 0.036, 0.619 / Estimate: 0.226, 0.618 / LogL: -31426.117
Init pinv, alpha: 0.072, 0.619 / Estimate: 0.226, 0.617 / LogL: -31426.124
Init pinv, alpha: 0.108, 0.619 / Estimate: 0.226, 0.617 / LogL: -31426.122
Init pinv, alpha: 0.144, 0.619 / Estimate: 0.227, 0.618 / LogL: -31426.099
Init pinv, alpha: 0.180, 0.619 / Estimate: 0.226, 0.616 / LogL: -31426.127
Init pinv, alpha: 0.216, 0.619 / Estimate: 0.226, 0.615 / LogL: -31426.088
Init pinv, alpha: 0.252, 0.619 / Estimate: 0.230, 0.621 / LogL: -31426.101
Init pinv, alpha: 0.288, 0.619 / Estimate: 0.230, 0.621 / LogL: -31426.113
Init pinv, alpha: 0.324, 0.619 / Estimate: 0.230, 0.621 / LogL: -31426.085
Optimal pinv,alpha: 0.230, 0.621 / LogL: -31426.085

Parameters optimization took 2.772 sec
Wrote distance file to... 
Computing ML distances based on estimated model parameters...
Calculating distance matrix: done in 0.010704 secs using 99.95% CPU
Computing ML distances took 0.011799 sec (of wall-clock time) 0.011006 sec (of CPU time)
Setting up auxiliary I and S matrices: done in 0.000111103 secs
Constructing RapidNJ tree: done in 0.000294924 secs
Computing RapidNJ tree took 0.000763 sec (of wall-clock time) 0.000000 sec (of CPU time)
Log-likelihood of RapidNJ tree: -31448.828
--------------------------------------------------------------------
|             INITIALIZING CANDIDATE TREE SET                      |
--------------------------------------------------------------------
Generating 98 parsimony trees... 0.840 second
Computing log-likelihood of 98 initial trees ... 0.744 seconds
Current best score: -31426.085

Do NNI search on 20 best initial trees
Optimizing NNI: done in 0.0870702 secs using 99.99% CPU
Estimate model parameters (epsilon = 0.100)
BETTER TREE FOUND at iteration 1: -31426.068
Optimizing NNI: done in 0.173604 secs using 100% CPU
Estimate model parameters (epsilon = 0.100)
BETTER TREE FOUND at iteration 2: -31416.740
Optimizing NNI: done in 0.188055 secs using 97.87% CPU
Optimizing NNI: done in 0.161083 secs using 100% CPU
Optimizing NNI: done in 0.165354 secs using 100% CPU
Optimizing NNI: done in 0.20425 secs using 100% CPU
Estimate model parameters (epsilon = 0.100)
BETTER TREE FOUND at iteration 6: -31413.926
Optimizing NNI: done in 0.183903 secs using 100% CPU
Optimizing NNI: done in 0.261041 secs using 100% CPU
Optimizing NNI: done in 0.265739 secs using 100% CPU
Estimate model parameters (epsilon = 0.100)
BETTER TREE FOUND at iteration 9: -31409.168
Optimizing NNI: done in 0.180096 secs using 100% CPU
Iteration 10 / LogL: -31414.907 / Time: 0h:0m:6s
Optimizing NNI: done in 0.2799 secs using 100% CPU
Optimizing NNI: done in 0.230234 secs using 100% CPU
Estimate model parameters (epsilon = 0.100)
BETTER TREE FOUND at iteration 12: -31408.003
Optimizing NNI: done in 0.22825 secs using 100% CPU
Optimizing NNI: done in 0.266725 secs using 100% CPU
Estimate model parameters (epsilon = 0.100)
BETTER TREE FOUND at iteration 14: -31403.172
Optimizing NNI: done in 0.234578 secs using 100% CPU
Optimizing NNI: done in 0.176003 secs using 100% CPU
Optimizing NNI: done in 0.198704 secs using 100% CPU
Optimizing NNI: done in 0.394946 secs using 99.53% CPU
Optimizing NNI: done in 0.18669 secs using 100% CPU
Optimizing NNI: done in 0.204231 secs using 100% CPU
Iteration 20 / LogL: -31418.384 / Time: 0h:0m:9s
Finish initializing candidate tree set (19)
Current best tree score: -31403.172 / CPU time: 6.268
Number of iterations: 20
--------------------------------------------------------------------
|               OPTIMIZING CANDIDATE TREE SET                      |
--------------------------------------------------------------------
Optimizing NNI: done in 0.170728 secs using 100% CPU
Optimizing NNI: done in 0.180079 secs using 100% CPU
Optimizing NNI: done in 0.181567 secs using 100% CPU
Optimizing NNI: done in 0.236288 secs using 100% CPU
Estimate model parameters (epsilon = 0.100)
BETTER TREE FOUND at iteration 24: -31402.455
Optimizing NNI: done in 0.21174 secs using 99.99% CPU
Optimizing NNI: done in 0.139273 secs using 100% CPU
Optimizing NNI: done in 0.181115 secs using 100% CPU
Optimizing NNI: done in 0.204334 secs using 100% CPU
Optimizing NNI: done in 0.136269 secs using 100% CPU
Estimate model parameters (epsilon = 0.100)
BETTER TREE FOUND at iteration 29: -31400.530
Optimizing NNI: done in 0.154464 secs using 100% CPU
Iteration 30 / LogL: -31414.655 / Time: 0h:0m:11s (0h:0m:38s left)
Optimizing NNI: done in 0.179536 secs using 99.99% CPU
Optimizing NNI: done in 0.139833 secs using 100% CPU
Optimizing NNI: done in 0.199132 secs using 100% CPU
Optimizing NNI: done in 0.245395 secs using 100% CPU
Optimizing NNI: done in 0.176747 secs using 100% CPU
Optimizing NNI: done in 0.175521 secs using 99.99% CPU
Optimizing NNI: done in 0.164989 secs using 100% CPU
Optimizing NNI: done in 0.145461 secs using 99.99% CPU
Optimizing NNI: done in 0.128801 secs using 100% CPU
Optimizing NNI: done in 0.124671 secs using 100% CPU
Iteration 40 / LogL: -31420.871 / Time: 0h:0m:12s (0h:0m:29s left)
Optimizing NNI: done in 0.170806 secs using 100% CPU
Optimizing NNI: done in 0.158014 secs using 100% CPU
Optimizing NNI: done in 0.121866 secs using 100% CPU
Optimizing NNI: done in 0.124344 secs using 100% CPU
Optimizing NNI: done in 0.140899 secs using 100% CPU
Optimizing NNI: done in 0.173119 secs using 100% CPU
Estimate model parameters (epsilon = 0.100)
BETTER TREE FOUND at iteration 46: -31399.308
Optimizing NNI: done in 0.151787 secs using 100% CPU
Optimizing NNI: done in 0.131008 secs using 100% CPU
Optimizing NNI: done in 0.131037 secs using 99.99% CPU
Optimizing NNI: done in 0.159129 secs using 100% CPU
Iteration 50 / LogL: -31400.716 / Time: 0h:0m:14s (0h:0m:28s left)
Log-likelihood cutoff on original alignment: -31440.908
Optimizing NNI: done in 0.126502 secs using 100% CPU
Optimizing NNI: done in 0.181156 secs using 100% CPU
Optimizing NNI: done in 0.121013 secs using 100% CPU
Optimizing NNI: done in 0.215486 secs using 100% CPU
Optimizing NNI: done in 0.168118 secs using 100% CPU
Optimizing NNI: done in 0.162793 secs using 100% CPU
Optimizing NNI: done in 0.182844 secs using 100% CPU
Optimizing NNI: done in 0.157542 secs using 100% CPU
Optimizing NNI: done in 0.138255 secs using 100% CPU
Optimizing NNI: done in 0.185132 secs using 99.99% CPU
Iteration 60 / LogL: -31399.428 / Time: 0h:0m:16s (0h:0m:23s left)
Optimizing NNI: done in 0.19427 secs using 100% CPU
Optimizing NNI: done in 0.15553 secs using 100% CPU
UPDATE BEST LOG-LIKELIHOOD: -31399.307
Optimizing NNI: done in 0.180135 secs using 100% CPU
Optimizing NNI: done in 0.138587 secs using 100% CPU
Optimizing NNI: done in 0.142409 secs using 100% CPU
Optimizing NNI: done in 0.13375 secs using 100% CPU
Optimizing NNI: done in 0.14226 secs using 100% CPU
Optimizing NNI: done in 0.169988 secs using 100% CPU
Optimizing NNI: done in 0.233549 secs using 100% CPU
Optimizing NNI: done in 0.234117 secs using 100% CPU
Iteration 70 / LogL: -31402.369 / Time: 0h:0m:18s (0h:0m:19s left)
Optimizing NNI: done in 0.209174 secs using 100% CPU
Optimizing NNI: done in 0.135479 secs using 100% CPU
Optimizing NNI: done in 0.145097 secs using 100% CPU
Optimizing NNI: done in 0.168665 secs using 100% CPU
Optimizing NNI: done in 0.143706 secs using 100% CPU
Optimizing NNI: done in 0.135115 secs using 100% CPU
Optimizing NNI: done in 0.138682 secs using 100% CPU
Optimizing NNI: done in 0.144612 secs using 100% CPU
Optimizing NNI: done in 0.213522 secs using 100% CPU
Optimizing NNI: done in 0.130959 secs using 100% CPU
Iteration 80 / LogL: -31399.336 / Time: 0h:0m:19s (0h:0m:16s left)
Optimizing NNI: done in 0.160425 secs using 100% CPU
Optimizing NNI: done in 0.135634 secs using 100% CPU
Optimizing NNI: done in 0.140232 secs using 100% CPU
Optimizing NNI: done in 0.145811 secs using 100% CPU
Optimizing NNI: done in 0.158047 secs using 100% CPU
Optimizing NNI: done in 0.173392 secs using 100% CPU
Optimizing NNI: done in 0.1579 secs using 100% CPU
Optimizing NNI: done in 0.163254 secs using 100% CPU
Optimizing NNI: done in 0.169869 secs using 100% CPU
Optimizing NNI: done in 0.187442 secs using 100% CPU
Iteration 90 / LogL: -31399.997 / Time: 0h:0m:21s (0h:0m:13s left)
Optimizing NNI: done in 0.157214 secs using 100% CPU
Optimizing NNI: done in 0.165451 secs using 100% CPU
Optimizing NNI: done in 0.163277 secs using 100% CPU
Optimizing NNI: done in 0.169993 secs using 100% CPU
Optimizing NNI: done in 0.170978 secs using 100% CPU
Optimizing NNI: done in 0.192151 secs using 97.92% CPU
Optimizing NNI: done in 0.16238 secs using 100% CPU
Optimizing NNI: done in 0.17001 secs using 100% CPU
Optimizing NNI: done in 0.22406 secs using 100% CPU
Optimizing NNI: done in 0.239581 secs using 100% CPU
Iteration 100 / LogL: -31402.054 / Time: 0h:0m:23s (0h:0m:10s left)
Log-likelihood cutoff on original alignment: -31440.908
NOTE: Bootstrap correlation coefficient of split occurrence frequencies: 0.995
Optimizing NNI: done in 0.208878 secs using 99.99% CPU
Optimizing NNI: done in 0.168131 secs using 100% CPU
Optimizing NNI: done in 0.208744 secs using 100% CPU
Optimizing NNI: done in 0.181616 secs using 100% CPU
Optimizing NNI: done in 0.114613 secs using 100% CPU
Optimizing NNI: done in 0.211741 secs using 100% CPU
Optimizing NNI: done in 0.149868 secs using 100% CPU
Optimizing NNI: done in 0.185228 secs using 99.99% CPU
Optimizing NNI: done in 0.137171 secs using 100% CPU
Optimizing NNI: done in 0.151179 secs using 99.99% CPU
Iteration 110 / LogL: -31400.569 / Time: 0h:0m:25s (0h:0m:20s left)
Optimizing NNI: done in 0.141594 secs using 100% CPU
Optimizing NNI: done in 0.168719 secs using 100% CPU
Optimizing NNI: done in 0.124392 secs using 100% CPU
Optimizing NNI: done in 0.161052 secs using 100% CPU
Optimizing NNI: done in 0.18267 secs using 100% CPU
Optimizing NNI: done in 0.169055 secs using 100% CPU
Optimizing NNI: done in 0.19169 secs using 100% CPU
Optimizing NNI: done in 0.141293 secs using 100% CPU
Optimizing NNI: done in 0.143979 secs using 100% CPU
Optimizing NNI: done in 0.128581 secs using 100% CPU
Iteration 120 / LogL: -31411.906 / Time: 0h:0m:26s (0h:0m:18s left)
Optimizing NNI: done in 0.131787 secs using 100% CPU
Optimizing NNI: done in 0.212816 secs using 100% CPU
Optimizing NNI: done in 0.181423 secs using 100% CPU
Optimizing NNI: done in 0.152613 secs using 100% CPU
Optimizing NNI: done in 0.13408 secs using 100% CPU
Optimizing NNI: done in 0.126691 secs using 100% CPU
Optimizing NNI: done in 0.147065 secs using 100% CPU
Optimizing NNI: done in 0.213487 secs using 100% CPU
Optimizing NNI: done in 0.14023 secs using 100% CPU
Optimizing NNI: done in 0.145251 secs using 99.99% CPU
Iteration 130 / LogL: -31403.288 / Time: 0h:0m:28s (0h:0m:15s left)
Optimizing NNI: done in 0.18268 secs using 100% CPU
Optimizing NNI: done in 0.141639 secs using 100% CPU
Optimizing NNI: done in 0.169076 secs using 100% CPU
Optimizing NNI: done in 0.217271 secs using 100% CPU
Optimizing NNI: done in 0.177776 secs using 100% CPU
Optimizing NNI: done in 0.164343 secs using 100% CPU
Optimizing NNI: done in 0.202635 secs using 100% CPU
Optimizing NNI: done in 0.150428 secs using 100% CPU
Optimizing NNI: done in 0.164188 secs using 100% CPU
Optimizing NNI: done in 0.176286 secs using 100% CPU
Iteration 140 / LogL: -31400.560 / Time: 0h:0m:30s (0h:0m:13s left)
Optimizing NNI: done in 0.151427 secs using 100% CPU
Optimizing NNI: done in 0.152343 secs using 100% CPU
Optimizing NNI: done in 0.181989 secs using 100% CPU
Optimizing NNI: done in 0.120235 secs using 100% CPU
Optimizing NNI: done in 0.148214 secs using 100% CPU
Optimizing NNI: done in 0.165516 secs using 100% CPU
Optimizing NNI: done in 0.153827 secs using 100% CPU
TREE SEARCH COMPLETED AFTER 147 ITERATIONS / Time: 0h:0m:31s

--------------------------------------------------------------------
|                    FINALIZING TREE SEARCH                        |
--------------------------------------------------------------------
Performs final model parameters optimization
Estimate model parameters (epsilon = 0.010)
1. Initial log-likelihood: -31399.307
Optimal log-likelihood: -31399.301
Rate parameters:  A-C: 1.69971  A-G: 6.66160  A-T: 1.69971  C-G: 1.00000  C-T: 11.51458  G-T: 1.00000
Base frequencies:  A: 0.375  C: 0.119  G: 0.160  T: 0.346
Proportion of invariable sites: 0.228
Gamma shape alpha: 0.614
Parameters optimization took 1 rounds (0.035 sec)
BEST SCORE FOUND : -31399.301
Creating bootstrap support values...
Split supports printed to NEXUS file 16S_rRNA.phy.splits.nex
Total tree length: 19.106

Total number of iterations: 147
CPU time used for tree search: 28.479 sec (0h:0m:28s)
Wall-clock time used for tree search: 28.593 sec (0h:0m:28s)
Total CPU time used: 31.609 sec (0h:0m:31s)
Total wall-clock time used: 31.769 sec (0h:0m:31s)

Computing bootstrap consensus tree...
Reading input file 16S_rRNA.phy.splits.nex...
62 taxa and 526 splits.
Consensus tree written to 16S_rRNA.phy.contree
Reading input trees file 16S_rRNA.phy.contree
Log-likelihood of consensus tree: -31399.301

Analysis results written to: 
  IQ-TREE report:                16S_rRNA.phy.iqtree
  Maximum-likelihood tree:       16S_rRNA.phy.treefile
  Likelihood distances:          16S_rRNA.phy.mldist

Ultrafast bootstrap approximation results written to:
  Split support values:          16S_rRNA.phy.splits.nex
  Consensus tree:                16S_rRNA.phy.contree
  Screen log file:               16S_rRNA.phy.log

Date and Time: Wed Apr  8 21:05:51 2026
