IQ-TREE multicore version 2.4.0 for MacOS Intel 64-bit built Feb  7 2025
Developed by Bui Quang Minh, Nguyen Lam Tung, Olga Chernomor, Heiko Schmidt,
Dominik Schrempf, Michael Woodhams, Ly Trong Nhan, Thomas Wong

Host:    Dylans-MacBook-Pro-2.local (AVX512, FMA3, 16 GB RAM)
Command: /Users/dj17/Downloads/iqtree-2.4.0-macOS-intel/bin/iqtree2 -s /Users/dj17/Downloads/gastropod_phylogeny/H3/H3_trimmed.fasta -m MFP  
Seed:    554464 (Using SPRNG - Scalable Parallel Random Number Generator)
Time:    Fri Apr 17 23:32:04 2026
Kernel:  AVX+FMA - 1 threads (8 CPU cores detected)

HINT: Use -nt option to specify number of threads because your CPU has 8 cores!
HINT: -nt AUTO will automatically determine the best number of threads to use.

Reading alignment file /Users/dj17/Downloads/gastropod_phylogeny/H3/H3_trimmed.fasta ... Fasta format detected
Reading fasta file: done in 0.000911951 secs using 91.89% CPU
Alignment most likely contains DNA/RNA sequences
Alignment has 37 sequences with 754 columns, 161 distinct patterns
76 parsimony-informative, 101 singleton sites, 577 constant sites
                    Gap/Ambiguity  Composition  p-value
Analyzing sequences: done in 2.69413e-05 secs using 89.08% CPU
   1  Peristernia_reinca   56.50%    passed     89.55%
   2  Peristernia_gemmat   56.50%    passed     95.39%
   3  Peristernia_nassat   57.43%    passed     95.01%
   4  Peristernia_marque   56.63%    passed     87.76%
   5  Peristernia_forska   57.03%    passed     90.74%
   6  Serratifusus_linea   57.43%    passed     43.96%
   7  Triplofusus_gigant   56.63%    passed     95.16%
   8  Cinctura_hunteria    56.63%    passed     95.49%
   9  Fasciolaria_tulipa   57.29%    passed     97.83%
  10  Fasciolaria_bullis   56.90%    passed     96.52%
  11  Aristofusus_excava   57.16%    passed     93.52%
  12  Fusinus_salisburyi   56.50%    passed     93.27%
  13  Fusinus_forceps      56.50%    passed     93.27%
  14  Hemipolygona_armat   56.50%    passed     94.51%
  15  Leucozonia_nassa     56.50%    passed     91.39%
  16  Leucozonia_ocellat   56.50%    passed     59.89%
  17  Buccinastrum_defor   56.10%    passed     81.78%
  18  Buccinanops_cochli   56.10%    passed     83.33%
  19  Japeuthria_ferrea    71.49%    passed     72.72%
  20  Busycon_carica       56.50%    passed     89.84%
  21  Fulguropsis_pyrulo   56.50%    passed     82.96%
  22  Mitrella_scripta     56.50%    passed     98.34%
  23  Mitrella_bicincta    53.05%    passed     80.17%
  24  Dolicholatirus_lan   56.90%    passed     79.76%
  25  Dolicholatirus_spi   56.50%    passed     46.39%
  26  Manaria_kuroharai    56.63%    passed     41.92%
  27  Melongena_melongen   56.63%    passed     31.34%
  28  Nassarius_conoidal   53.05%    passed     33.72%
  29  Nassarius_semisulc   56.10%    passed     30.77%
  30  Antillophos_beauii   56.10%    passed     74.25%
  31  Pisania_pusio        60.48%    passed     86.77%
  32  Pisania_striata      20.56%    failed      0.00%
  33  Engina_mendicaria    56.63%    passed     98.02%
  34  Clivipollia_pulchr   56.50%    passed     97.14%
  35  Caducifer_decapita   56.63%    passed     88.32%
  36  Euthria_cumulata     56.50%    passed     78.41%
  37  Euthria_walleri      56.63%    passed     88.38%
WARNING: 36 sequences contain more than 50% gaps/ambiguity
****  TOTAL                55.96%  1 sequences failed composition chi2 test (p-value<5%; df=3)
NOTE: Fusinus_forceps is identical to Fusinus_salisburyi but kept for subsequent analysis

Reading input tree file   ...ERROR: File not found or incorrect input, pls check it again. 
